<?xml version="1.0" encoding="UTF-8"?>
<!-- Generated by org.testng.reporters.JUnitReportReporter -->
<testsuite hostname="DESKTOP-CR1TGAA" failures="0" tests="1" name="seleniumProject.TestDemo" time="0.023" errors="0" timestamp="2019-12-29T22:45:24 IST" skipped="0">
  <testcase classname="seleniumProject.TestDemo" name="test" time="0.023"/>
</testsuite> <!-- seleniumProject.TestDemo -->
